make all --print-data-base --no-builtin-variables --no-builtin-rules --question
# GNU Make 4.2.1
# Built for x86_64-pc-linux-gnu
# Copyright (C) 1988-2016 Free Software Foundation, Inc.
# License GPLv3+: GNU GPL version 3 or later <http://gnu.org/licenses/gpl.html>
# This is free software: you are free to change and redistribute it.
# There is NO WARRANTY, to the extent permitted by law.

# Make data base, printed on Thu Mar 31 02:41:29 2022

# Variables

# automatic
<D = $(patsubst %/,%,$(dir $<))
# automatic
?F = $(notdir $?)
# default
.SHELLFLAGS := -c
# environment
XDG_SESSION_CLASS = user
# environment
VSCODE_AGENT_FOLDER = /home/arthur/.vscode-server
# environment
XDG_SESSION_TYPE = tty
# environment
VSCODE_LOG_NATIVE = false
# environment
NVM_INC = /home/arthur/.nvm/versions/node/v16.14.2/include/node
# automatic
?D = $(patsubst %/,%,$(dir $?))
# automatic
@D = $(patsubst %/,%,$(dir $@))
# automatic
@F = $(notdir $@)
# default
MAKE_VERSION := 4.2.1
# makefile
CURDIR := /home/arthur/Documents/C++/irc
# makefile
SHELL = /bin/sh
# environment
VSCODE_NLS_CONFIG = {"locale":"fr","availableLanguages":{"*":"fr"},"_languagePackId":"7f0881eff5702ae7f1e58d234d47750c.fr","_translationsConfigFile":"/home/arthur/.vscode-server/data/clp/7f0881eff5702ae7f1e58d234d47750c.fr/tcf.json","_cacheRoot":"/home/arthur/.vscode-server/data/clp/7f0881eff5702ae7f1e58d234d47750c.fr","_resolvedLanguagePackCoreLocation":"/home/arthur/.vscode-server/data/clp/7f0881eff5702ae7f1e58d234d47750c.fr/c722ca6c7eed3d7987c0d5c3df5c45f6b15e77d1","_corruptedFile":"/home/arthur/.vscode-server/data/clp/7f0881eff5702ae7f1e58d234d47750c.fr/corrupted.info","_languagePackSupport":true}
# environment
_ = /home/arthur/.vscode-server/bin/c722ca6c7eed3d7987c0d5c3df5c45f6b15e77d1/node
# makefile (from 'Makefile', line 12)
CLIENT_NAME = build/client
# makefile (from 'Makefile', line 1)
MAKEFILE_LIST :=  Makefile
# 'override' directive
GNUMAKEFLAGS := 
# environment
XDG_DATA_DIRS = /usr/local/share:/usr/share:/var/lib/snapd/desktop
# environment
DBUS_SESSION_BUS_ADDRESS = unix:path=/run/user/1000/bus
# environment
VSCODE_VERBOSE_LOGGING = true
# environment
LESSOPEN = | /usr/bin/lesspipe %s
# environment
VSCODE_CWD = /home/arthur
# makefile (from 'Makefile', line 6)
OBJS_LIB = $(LIB:.cpp=.o)
# environment
SSH_CONNECTION = 192.168.1.32 53631 192.168.1.65 22
# environment
PATH = /home/arthur/.vscode-server/bin/c722ca6c7eed3d7987c0d5c3df5c45f6b15e77d1/bin/remote-cli:/home/arthur/.nvm/versions/node/v16.14.2/bin:/usr/local/sbin:/usr/local/bin:/usr/sbin:/usr/bin:/sbin:/bin:/usr/games:/usr/local/games:/snap/bin
# makefile (from 'Makefile', line 8)
SERVER_SRCS = server.cpp
# environment
XDG_RUNTIME_DIR = /run/user/1000
# environment
NVM_BIN = /home/arthur/.nvm/versions/node/v16.14.2/bin
# environment
VSCODE_LOG_STACK = false
# environment
VSCODE_IPC_HOOK_CLI = /run/user/1000/vscode-ipc-752c1c09-29b0-48ee-ae25-5403a8395930.sock
# makefile (from 'Makefile', line 5)
LIB = src/socket.cpp
# default
.FEATURES := target-specific order-only second-expansion else-if shortest-stem undefine oneshell archives jobserver output-sync check-symlink load
# environment
LS_COLORS = 
# automatic
%F = $(notdir $%)
# environment
VSCODE_PIPE_LOGGING = true
# environment
PWD = /home/arthur/Documents/C++/irc
# default
.LOADED := 
# automatic
*D = $(patsubst %/,%,$(dir $*))
# environment
VSCODE_AMD_ENTRYPOINT = vs/workbench/api/node/extensionHostProcess
# environment
HOME = /home/arthur
# environment
LESSCLOSE = /usr/bin/lesspipe %s %s
# environment
LOGNAME = arthur
# environment
APPLICATION_INSIGHTS_NO_DIAGNOSTIC_CHANNEL = 1
# environment
NVM_CD_FLAGS = 
# automatic
+F = $(notdir $+)
# environment
VSCODE_HANDLES_UNCAUGHT_ERRORS = true
# automatic
^D = $(patsubst %/,%,$(dir $^))
# environment
MAKELEVEL := 0
# default
MAKE = $(MAKE_COMMAND)
# default
MAKECMDGOALS := all
# makefile (from 'Makefile', line 9)
SERVER_NAME = build/server
# environment
SHLVL = 0
# makefile (from 'Makefile', line 2)
CC = clang++
# environment
XDG_SESSION_ID = 4
# environment
USER = arthur
# makefile (from 'Makefile', line 44)
.DEFAULT_GOAL := all
# automatic
%D = $(patsubst %/,%,$(dir $%))
# default
MAKE_COMMAND := make
# default
.VARIABLES := 
# automatic
*F = $(notdir $*)
# makefile
MAKEFLAGS = pqrR
# environment
MFLAGS = -pqrR
# environment
SSH_CLIENT = 192.168.1.32 53631 22
# environment
NVM_DIR = /home/arthur/.nvm
# automatic
+D = $(patsubst %/,%,$(dir $+))
# environment
BROWSER = /home/arthur/.vscode-server/bin/c722ca6c7eed3d7987c0d5c3df5c45f6b15e77d1/bin/helpers/browser.sh
# default
MAKEFILES := 
# makefile (from 'Makefile', line 11)
CLIENT_SRCS = client/main.cpp
# automatic
<F = $(notdir $<)
# environment
LC_ALL = C
# automatic
^F = $(notdir $^)
# default
SUFFIXES := 
# makefile (from 'Makefile', line 3)
FLAGS = -Wall -Werror -Wextra -std=c++98
# default
.INCLUDE_DIRS = /usr/include /usr/local/include /usr/include
# default
.RECIPEPREFIX := 
# default
MAKE_HOST := x86_64-pc-linux-gnu
# environment
LANG = C
# environment
VSCODE_EXTHOST_WILL_SEND_SOCKET = true
# environment
MOTD_SHOWN = pam
# variable set hash-table stats:
# Load=81/1024=8%, Rehash=0, Collisions=9/122=7%

# Pattern-specific Variable Values

# No pattern-specific variable values.

# Directories

# . (device 2053, inode 424991): 8 files, no impossibilities.
# src (device 2053, inode 393232): 1 files, no impossibilities so far.

# 9 files, no impossibilities in 2 directories.

# Implicit Rules

%.o: %.cpp
#  recipe to execute (from 'Makefile', line 15):
	@$(CC) $(FLAGS) -c $< -o $@
	@echo "Compiling library"

# 1 implicit rules, 0 (0.0%) terminal.

# Files

all: build/server
#  Command line target.
#  Implicit rule search has not been done.
#  Implicit/static pattern stem: ''
#  File does not exist.
#  File has been updated.
#  Needs to be updated (-q is set).
# automatic
# @ := all
# automatic
# % := 
# automatic
# * := 
# automatic
# + := build/server
# automatic
# | := 
# automatic
# < := build/server
# automatic
# ^ := build/server
# automatic
# ? := build/server
# variable set hash-table stats:
# Load=8/32=25%, Rehash=0, Collisions=1/17=6%
#  recipe to execute (from 'Makefile', line 23):
	@$(CC) $(FLAGS) $(OBJS_LIB) $(SERVER_SRCS) -o $(SERVER_NAME) -lpthread
	@echo "Compiling server"

client: src/socket.o
#  Implicit rule search has not been done.
#  Modification time never checked.
#  File has not been updated.
#  recipe to execute (from 'Makefile', line 40):
	@mkdir -p build
	@$(CC) $(FLAGS) $(OBJS_LIB) $(CLIENT_SRCS) -o $(CLIENT_NAME) -lpthread
	@./$(CLIENT_NAME)

# Not a target:
src/socket.cpp:
#  Implicit rule search has been done.
#  Last modified 2022-03-30 12:17:48.111863713
#  File has been updated.
#  Successfully updated.

# Not a target:
.SUFFIXES:
#  Implicit rule search has not been done.
#  Modification time never checked.
#  File has not been updated.

# Not a target:
Makefile:
#  Implicit rule search has been done.
#  Last modified 2022-03-30 12:18:08.287938357
#  File has been updated.
#  Successfully updated.

fclean: clean
#  Implicit rule search has not been done.
#  Modification time never checked.
#  File has not been updated.
#  recipe to execute (from 'Makefile', line 31):
	@rm -f $(SERVER_NAME)
	@rm -f $(CLIENT_NAME)
	@rm -rf build
	@echo "Cleaning build folder"

# Not a target:
.DEFAULT:
#  Implicit rule search has not been done.
#  Modification time never checked.
#  File has not been updated.

src/socket.o: src/socket.cpp
#  Implicit rule search has been done.
#  Implicit/static pattern stem: 'src/socket'
#  Last modified 2022-03-30 12:17:50.93587418
#  File has been updated.
#  Successfully updated.
 
#  recipe to execute (from 'Makefile', line 15):
	@$(CC) $(FLAGS) -c $< -o $@
	@echo "Compiling library"

re: fclean all
#  Implicit rule search has not been done.
#  Modification time never checked.
#  File has not been updated.

clean:
#  Implicit rule search has not been done.
#  Modification time never checked.
#  File has not been updated.
#  recipe to execute (from 'Makefile', line 27):
	@rm -f $(OBJS_LIB)
	@echo "Cleaning library"

build/server: src/socket.o
#  Implicit rule search has not been done.
#  Last modified 2022-03-30 12:17:51.075874702
#  File has been updated.
#  Successfully updated.
#  recipe to execute (from 'Makefile', line 19):
	@mkdir -p build
	@echo "Mounting build folder"

# files hash-table stats:
# Load=11/1024=1%, Rehash=0, Collisions=0/32=0%
# VPATH Search Paths

# No 'vpath' search paths.

# No general ('VPATH' variable) search path.

# strcache buffers: 1 (0) / strings = 23 / storage = 194 B / avg = 8 B
# current buf: size = 8162 B / used = 194 B / count = 23 / avg = 8 B

# strcache performance: lookups = 43 / hit rate = 46%
# hash-table stats:
# Load=23/8192=0%, Rehash=0, Collisions=1/43=2%
# Finished Make data base on Thu Mar 31 02:41:29 2022

 
